Using pre-set license
Built from '2021.3/staging' branch; Version is '2021.3.11f1 (0a5ca18544bf) revision 679073'; Using compiler version '192829333'; Build Type 'Release'
OS: 'Windows 10  (10.0.19044) 64bit Professional' Language: 'en' Physical Memory: 14188 MB
BatchMode: 1, IsHumanControllingUs: 0, StartBugReporterOnCrash: 0, Is64bit: 1, IsPro: 1

COMMAND LINE ARGUMENTS:
C:\Program Files\Unity\Hub\Editor\2021.3.11f1\Editor\Unity.exe
-adb2
-batchMode
-noUpm
-name
AssetImportWorker2
-projectPath
C:/Users/kaito/Desktop/block_building-master/block_building-master
-logFile
Logs/AssetImportWorker2.log
-srvPort
60111
Successfully changed project path to: C:/Users/kaito/Desktop/block_building-master/block_building-master
C:/Users/kaito/Desktop/block_building-master/block_building-master
[UnityMemory] Configuration Parameters - Can be set up in boot.config
    "memorysetup-bucket-allocator-granularity=16"
    "memorysetup-bucket-allocator-bucket-count=8"
    "memorysetup-bucket-allocator-block-size=33554432"
    "memorysetup-bucket-allocator-block-count=8"
    "memorysetup-main-allocator-block-size=16777216"
    "memorysetup-thread-allocator-block-size=16777216"
    "memorysetup-gfx-main-allocator-block-size=16777216"
    "memorysetup-gfx-thread-allocator-block-size=16777216"
    "memorysetup-cache-allocator-block-size=4194304"
    "memorysetup-typetree-allocator-block-size=2097152"
    "memorysetup-profiler-bucket-allocator-granularity=16"
    "memorysetup-profiler-bucket-allocator-bucket-count=8"
    "memorysetup-profiler-bucket-allocator-block-size=33554432"
    "memorysetup-profiler-bucket-allocator-block-count=8"
    "memorysetup-profiler-allocator-block-size=16777216"
    "memorysetup-profiler-editor-allocator-block-size=1048576"
    "memorysetup-temp-allocator-size-main=16777216"
    "memorysetup-job-temp-allocator-block-size=2097152"
    "memorysetup-job-temp-allocator-block-size-background=1048576"
    "memorysetup-job-temp-allocator-reduction-small-platforms=262144"
    "memorysetup-temp-allocator-size-background-worker=32768"
    "memorysetup-temp-allocator-size-job-worker=262144"
    "memorysetup-temp-allocator-size-preload-manager=33554432"
    "memorysetup-temp-allocator-size-nav-mesh-worker=65536"
    "memorysetup-temp-allocator-size-audio-worker=65536"
    "memorysetup-temp-allocator-size-cloud-worker=32768"
    "memorysetup-temp-allocator-size-gi-baking-worker=262144"
    "memorysetup-temp-allocator-size-gfx=262144"
Refreshing native plugins compatible for Editor in 46.39 ms, found 2 plugins.
Preloading 0 native plugins for Editor in 0.00 ms.
Initialize engine version: 2021.3.11f1 (0a5ca18544bf)
[Subsystems] Discovering subsystems at path C:/Program Files/Unity/Hub/Editor/2021.3.11f1/Editor/Data/Resources/UnitySubsystems
[Subsystems] Discovering subsystems at path C:/Users/kaito/Desktop/block_building-master/block_building-master/Assets
GfxDevice: creating device client; threaded=0; jobified=0
Direct3D:
    Version:  Direct3D 11.0 [level 11.1]
    Renderer: NVIDIA GeForce RTX 3060 Laptop GPU (ID=0x2560)
    Vendor:   NVIDIA
    VRAM:     6023 MB
    Driver:   31.0.15.1659
Initialize mono
Mono path[0] = 'C:/Program Files/Unity/Hub/Editor/2021.3.11f1/Editor/Data/Managed'
Mono path[1] = 'C:/Program Files/Unity/Hub/Editor/2021.3.11f1/Editor/Data/MonoBleedingEdge/lib/mono/unityjit-win32'
Mono config path = 'C:/Program Files/Unity/Hub/Editor/2021.3.11f1/Editor/Data/MonoBleedingEdge/etc'
Using monoOptions --debugger-agent=transport=dt_socket,embedding=1,server=y,suspend=n,address=127.0.0.1:56832
Begin MonoManager ReloadAssembly
Registering precompiled unity dll's ...
Register platform support module: C:/Program Files/Unity/Hub/Editor/2021.3.11f1/Editor/Data/PlaybackEngines/WindowsStandaloneSupport/UnityEditor.WindowsStandalone.Extensions.dll
Registered in 0.006964 seconds.
Native extension for WindowsStandalone target not found
Refreshing native plugins compatible for Editor in 36.28 ms, found 2 plugins.
Preloading 0 native plugins for Editor in 0.00 ms.
Mono: successfully reloaded assembly
- Completed reload, in  0.477 seconds
Domain Reload Profiling:
	ReloadAssembly (477ms)
		BeginReloadAssembly (62ms)
			ExecutionOrderSort (0ms)
			DisableScriptedObjects (0ms)
			BackupInstance (0ms)
			ReleaseScriptingObjects (0ms)
			CreateAndSetChildDomain (1ms)
		EndReloadAssembly (327ms)
			LoadAssemblies (59ms)
			RebuildTransferFunctionScriptingTraits (0ms)
			SetupTypeCache (74ms)
			ReleaseScriptCaches (0ms)
			RebuildScriptCaches (20ms)
			SetupLoadedEditorAssemblies (189ms)
				LogAssemblyErrors (0ms)
				InitializePlatformSupportModulesInManaged (6ms)
				SetLoadedEditorAssemblies (0ms)
				RefreshPlugins (36ms)
				BeforeProcessingInitializeOnLoad (1ms)
				ProcessInitializeOnLoadAttributes (110ms)
				ProcessInitializeOnLoadMethodAttributes (35ms)
				AfterProcessingInitializeOnLoad (0ms)
				EditorAssembliesLoaded (0ms)
			ExecutionOrderSort2 (0ms)
			AwakeInstancesAfterBackupRestoration (0ms)
Platform modules already initialized, skipping
Registering precompiled user dll's ...
Registered in 0.004566 seconds.
Begin MonoManager ReloadAssembly
Native extension for WindowsStandalone target not found
Refreshing native plugins compatible for Editor in 0.64 ms, found 2 plugins.
Preloading 0 native plugins for Editor in 0.00 ms.
Package Manager log level set to [2]
Mono: successfully reloaded assembly
- Completed reload, in  0.784 seconds
Domain Reload Profiling:
	ReloadAssembly (785ms)
		BeginReloadAssembly (90ms)
			ExecutionOrderSort (0ms)
			DisableScriptedObjects (5ms)
			BackupInstance (0ms)
			ReleaseScriptingObjects (0ms)
			CreateAndSetChildDomain (16ms)
		EndReloadAssembly (602ms)
			LoadAssemblies (68ms)
			RebuildTransferFunctionScriptingTraits (0ms)
			SetupTypeCache (131ms)
			ReleaseScriptCaches (0ms)
			RebuildScriptCaches (32ms)
			SetupLoadedEditorAssemblies (342ms)
				LogAssemblyErrors (0ms)
				InitializePlatformSupportModulesInManaged (5ms)
				SetLoadedEditorAssemblies (0ms)
				RefreshPlugins (1ms)
				BeforeProcessingInitializeOnLoad (60ms)
				ProcessInitializeOnLoadAttributes (169ms)
				ProcessInitializeOnLoadMethodAttributes (99ms)
				AfterProcessingInitializeOnLoad (8ms)
				EditorAssembliesLoaded (0ms)
			ExecutionOrderSort2 (0ms)
			AwakeInstancesAfterBackupRestoration (4ms)
Platform modules already initialized, skipping
========================================================================
Worker process is ready to serve import requests
Launched and connected shader compiler UnityShaderCompiler.exe after 0.04 seconds
Refreshing native plugins compatible for Editor in 0.69 ms, found 2 plugins.
Preloading 0 native plugins for Editor in 0.00 ms.
Unloading 2442 Unused Serialized files (Serialized files now loaded: 0)
Unloading 60 unused Assets / (57.2 KB). Loaded Objects now: 2879.
Memory consumption went from 94.0 MB to 94.0 MB.
Total: 5.556100 ms (FindLiveObjects: 0.172000 ms CreateObjectMapping: 0.073500 ms MarkObjects: 5.238100 ms  DeleteObjects: 0.071800 ms)

AssetImportParameters requested are different than current active one (requested -> active):
  custom:video-decoder-ogg-theora: a1e56fd34408186e4bbccfd4996cb3dc -> 
  custom:container-muxer-webm: aa71ff27fc2769a1b78a27578f13a17b -> 
  custom:container-demuxer-webm: 4f35f7cbe854078d1ac9338744f61a02 -> 
  custom:video-encoder-webm-vp8: eb34c28f22e8b96e1ab97ce403110664 -> 
  custom:audio-encoder-webm-vorbis: bf7c407c2cedff20999df2af8eb42d56 -> 
  custom:framework-win-MediaFoundation: 216162199b28c13a410421893ffa2e32 -> 
  custom:container-demuxer-ogg: 62fdf1f143b41e24485cea50d1cbac27 -> 
  custom:video-decoder-webm-vp8: 9c59270c3fd7afecdb556c50c9e8de78 -> 
  custom:audio-decoder-ogg-vorbis: bf7c407c2cedff20999df2af8eb42d56 -> 
========================================================================
Received Import Request.
  Time since last request: 31808.835475 seconds.
  path: Assets/unity-wave-function-collapse/README.md
  artifactKey: Guid(44a031e6e23e24e958201875d36f73ac) Importer(815301076,1909f56bfc062723c751e8b465ee728b)
Start importing Assets/unity-wave-function-collapse/README.md using Guid(44a031e6e23e24e958201875d36f73ac) Importer(815301076,1909f56bfc062723c751e8b465ee728b)  -> (artifact id: 'edb367d7d4e31ad0f1e6b7ad236d8a80') in 0.037793 seconds 
========================================================================
Received Prepare
Registering precompiled user dll's ...
Registered in 0.004244 seconds.
Begin MonoManager ReloadAssembly
Native extension for WindowsStandalone target not found
Refreshing native plugins compatible for Editor in 0.73 ms, found 2 plugins.
Preloading 0 native plugins for Editor in 0.00 ms.
Mono: successfully reloaded assembly
- Completed reload, in  0.882 seconds
Domain Reload Profiling:
	ReloadAssembly (883ms)
		BeginReloadAssembly (126ms)
			ExecutionOrderSort (0ms)
			DisableScriptedObjects (6ms)
			BackupInstance (0ms)
			ReleaseScriptingObjects (0ms)
			CreateAndSetChildDomain (39ms)
		EndReloadAssembly (666ms)
			LoadAssemblies (74ms)
			RebuildTransferFunctionScriptingTraits (0ms)
			SetupTypeCache (152ms)
			ReleaseScriptCaches (1ms)
			RebuildScriptCaches (36ms)
			SetupLoadedEditorAssemblies (357ms)
				LogAssemblyErrors (0ms)
				InitializePlatformSupportModulesInManaged (15ms)
				SetLoadedEditorAssemblies (1ms)
				RefreshPlugins (1ms)
				BeforeProcessingInitializeOnLoad (64ms)
				ProcessInitializeOnLoadAttributes (173ms)
				ProcessInitializeOnLoadMethodAttributes (95ms)
				AfterProcessingInitializeOnLoad (9ms)
				EditorAssembliesLoaded (0ms)
			ExecutionOrderSort2 (0ms)
			AwakeInstancesAfterBackupRestoration (5ms)
Platform modules already initialized, skipping
Refreshing native plugins compatible for Editor in 5.05 ms, found 2 plugins.
Preloading 0 native plugins for Editor in 0.00 ms.
Unloading 2425 Unused Serialized files (Serialized files now loaded: 0)
Unloading 58 unused Assets / (25.6 KB). Loaded Objects now: 2874.
Memory consumption went from 93.4 MB to 93.3 MB.
Total: 5.373600 ms (FindLiveObjects: 0.157100 ms CreateObjectMapping: 0.052900 ms MarkObjects: 5.131500 ms  DeleteObjects: 0.031500 ms)

AssetImportParameters requested are different than current active one (requested -> active):
  custom:video-decoder-ogg-theora: a1e56fd34408186e4bbccfd4996cb3dc -> 
  custom:container-muxer-webm: aa71ff27fc2769a1b78a27578f13a17b -> 
  custom:container-demuxer-webm: 4f35f7cbe854078d1ac9338744f61a02 -> 
  custom:video-encoder-webm-vp8: eb34c28f22e8b96e1ab97ce403110664 -> 
  custom:audio-encoder-webm-vorbis: bf7c407c2cedff20999df2af8eb42d56 -> 
  custom:framework-win-MediaFoundation: 216162199b28c13a410421893ffa2e32 -> 
  custom:container-demuxer-ogg: 62fdf1f143b41e24485cea50d1cbac27 -> 
  custom:video-decoder-webm-vp8: 9c59270c3fd7afecdb556c50c9e8de78 -> 
  custom:audio-decoder-ogg-vorbis: bf7c407c2cedff20999df2af8eb42d56 -> 
========================================================================
Received Import Request.
  Time since last request: 1703.338315 seconds.
  path: Assets/Resources/BillingMode.json
  artifactKey: Guid(26edaf3bc727e4f4e95fd2e477d34801) Importer(815301076,1909f56bfc062723c751e8b465ee728b)
Start importing Assets/Resources/BillingMode.json using Guid(26edaf3bc727e4f4e95fd2e477d34801) Importer(815301076,1909f56bfc062723c751e8b465ee728b)  -> (artifact id: 'd3dd413ddd12a8492dc89c808d821442') in 0.017052 seconds 
========================================================================
Received Import Request.
  Time since last request: 25.393046 seconds.
  path: Assets/FBX format/detail_crystal.fbx
  artifactKey: Guid(d76a0d8967019ad49ae50ed9574103ce) Importer(815301076,1909f56bfc062723c751e8b465ee728b)
Start importing Assets/FBX format/detail_crystal.fbx using Guid(d76a0d8967019ad49ae50ed9574103ce) Importer(815301076,1909f56bfc062723c751e8b465ee728b)  -> (artifact id: 'e8f943e1aab680f44f7b21187cda6bfd') in 0.168915 seconds 
========================================================================
Received Import Request.
  Time since last request: 0.000029 seconds.
  path: Assets/FBX format/snow_tile_spawn.fbx
  artifactKey: Guid(315bbc8b268f7c846ad6909eb51eff1f) Importer(815301076,1909f56bfc062723c751e8b465ee728b)
Start importing Assets/FBX format/snow_tile_spawn.fbx using Guid(315bbc8b268f7c846ad6909eb51eff1f) Importer(815301076,1909f56bfc062723c751e8b465ee728b)  -> (artifact id: '36cfbef0471d33e99b51de60197e1b46') in 0.055504 seconds 
========================================================================
Received Import Request.
  Time since last request: 0.000029 seconds.
  path: Assets/FBX format/snow_tile_riverFall.fbx
  artifactKey: Guid(a25c1ea43734c784ba4b890f583aeaab) Importer(815301076,1909f56bfc062723c751e8b465ee728b)
Start importing Assets/FBX format/snow_tile_riverFall.fbx using Guid(a25c1ea43734c784ba4b890f583aeaab) Importer(815301076,1909f56bfc062723c751e8b465ee728b)  -> (artifact id: 'cdda3853a62ef2b0112893a45a104d1d') in 0.028219 seconds 
========================================================================
Received Import Request.
  Time since last request: 0.000023 seconds.
  path: Assets/FBX format/snow_tile_crystal.fbx
  artifactKey: Guid(eac56f01feb72774087a9ed88ada1862) Importer(815301076,1909f56bfc062723c751e8b465ee728b)
Start importing Assets/FBX format/snow_tile_crystal.fbx using Guid(eac56f01feb72774087a9ed88ada1862) Importer(815301076,1909f56bfc062723c751e8b465ee728b)  -> (artifact id: '3034ed0b7ff72370555999dd7561c82c') in 0.062618 seconds 
========================================================================
Received Import Request.
  Time since last request: 0.000022 seconds.
  path: Assets/FBX format/snow_tile_riverTransition.fbx
  artifactKey: Guid(4fad79c22da42ba468a842261823bab2) Importer(815301076,1909f56bfc062723c751e8b465ee728b)
Start importing Assets/FBX format/snow_tile_riverTransition.fbx using Guid(4fad79c22da42ba468a842261823bab2) Importer(815301076,1909f56bfc062723c751e8b465ee728b)  -> (artifact id: '7370d2481fb518e0020c29fd4a6a6876') in 0.026936 seconds 
========================================================================
Received Import Request.
  Time since last request: 0.000019 seconds.
  path: Assets/FBX format/detail_tree.fbx
  artifactKey: Guid(3346ccf3920b72a4ba0c712eff42d253) Importer(815301076,1909f56bfc062723c751e8b465ee728b)
Start importing Assets/FBX format/detail_tree.fbx using Guid(3346ccf3920b72a4ba0c712eff42d253) Importer(815301076,1909f56bfc062723c751e8b465ee728b)  -> (artifact id: '8c45b1ed464804546b9cd7929b0d24c3') in 0.030707 seconds 
========================================================================
Received Import Request.
  Time since last request: 0.000021 seconds.
  path: Assets/FBX format/snow_tile_riverSlope.fbx
  artifactKey: Guid(940af58b200f4ed46838133b64111575) Importer(815301076,1909f56bfc062723c751e8b465ee728b)
Start importing Assets/FBX format/snow_tile_riverSlope.fbx using Guid(940af58b200f4ed46838133b64111575) Importer(815301076,1909f56bfc062723c751e8b465ee728b)  -> (artifact id: 'cc2945ecfa68032e079ed7f0f4f02471') in 0.030683 seconds 
========================================================================
Received Import Request.
  Time since last request: 0.000018 seconds.
  path: Assets/FBX format/snow_tile_endSpawn.fbx
  artifactKey: Guid(824cd7af4eeef7c44b378c5c26b1bef6) Importer(815301076,1909f56bfc062723c751e8b465ee728b)
Start importing Assets/FBX format/snow_tile_endSpawn.fbx using Guid(824cd7af4eeef7c44b378c5c26b1bef6) Importer(815301076,1909f56bfc062723c751e8b465ee728b)  -> (artifact id: '02fe182380743617a7b81c18e7033623') in 0.042177 seconds 
========================================================================
Received Import Request.
  Time since last request: 0.000021 seconds.
  path: Assets/FBX format/snow_tile_cornerSquare.fbx
  artifactKey: Guid(fba935e15acc5a34db3b9269615538f6) Importer(815301076,1909f56bfc062723c751e8b465ee728b)
Start importing Assets/FBX format/snow_tile_cornerSquare.fbx using Guid(fba935e15acc5a34db3b9269615538f6) Importer(815301076,1909f56bfc062723c751e8b465ee728b)  -> (artifact id: '04d471fca49a9f2384f97c691e65b933') in 0.034058 seconds 
========================================================================
Received Import Request.
  Time since last request: 0.000027 seconds.
  path: Assets/FBX format/snow_tile_cornerLarge.fbx
  artifactKey: Guid(045a5b38d3c6b834a9bd42a15013da70) Importer(815301076,1909f56bfc062723c751e8b465ee728b)
Start importing Assets/FBX format/snow_tile_cornerLarge.fbx using Guid(045a5b38d3c6b834a9bd42a15013da70) Importer(815301076,1909f56bfc062723c751e8b465ee728b)  -> (artifact id: '1f405cdb21d09cc8431476d8499f44be') in 0.042129 seconds 
========================================================================
Received Import Request.
  Time since last request: 0.000037 seconds.
  path: Assets/FBX format/enemy_ufoYellowWeapon.fbx
  artifactKey: Guid(eb58ed17c4163e843ac27e21108bb1d6) Importer(815301076,1909f56bfc062723c751e8b465ee728b)
Start importing Assets/FBX format/enemy_ufoYellowWeapon.fbx using Guid(eb58ed17c4163e843ac27e21108bb1d6) Importer(815301076,1909f56bfc062723c751e8b465ee728b)  -> (artifact id: '6a3f91bcc75364249c56bc058a6b4df1') in 0.061912 seconds 
========================================================================
Received Import Request.
  Time since last request: 0.000033 seconds.
  path: Assets/FBX format/snow_tile_riverBridge.fbx
  artifactKey: Guid(cfb7cffcda56708478620c35d5f7cc06) Importer(815301076,1909f56bfc062723c751e8b465ee728b)
Start importing Assets/FBX format/snow_tile_riverBridge.fbx using Guid(cfb7cffcda56708478620c35d5f7cc06) Importer(815301076,1909f56bfc062723c751e8b465ee728b)  -> (artifact id: '3b05588d57caa797169d103fe0b285eb') in 0.042401 seconds 
========================================================================
Received Import Request.
  Time since last request: 0.000034 seconds.
  path: Assets/FBX format/snow_tile_crossing.fbx
  artifactKey: Guid(756e5104e681c034382862e9b2fb6242) Importer(815301076,1909f56bfc062723c751e8b465ee728b)
Start importing Assets/FBX format/snow_tile_crossing.fbx using Guid(756e5104e681c034382862e9b2fb6242) Importer(815301076,1909f56bfc062723c751e8b465ee728b)  -> (artifact id: '55adb0e51882b9964519784d4289c271') in 0.042478 seconds 
========================================================================
Received Import Request.
  Time since last request: 0.000044 seconds.
  path: Assets/FBX format/enemy_ufoPurpleWeapon.fbx
  artifactKey: Guid(daaac0b20e0575743a19798e716522ec) Importer(815301076,1909f56bfc062723c751e8b465ee728b)
Start importing Assets/FBX format/enemy_ufoPurpleWeapon.fbx using Guid(daaac0b20e0575743a19798e716522ec) Importer(815301076,1909f56bfc062723c751e8b465ee728b)  -> (artifact id: '9ea1f7b8302b953c166b65b3a400f522') in 0.046538 seconds 
========================================================================
Received Import Request.
  Time since last request: 0.000034 seconds.
  path: Assets/FBX format/detail_rocks.fbx
  artifactKey: Guid(8036fdacf41cc4e41a56cb028d7844ad) Importer(815301076,1909f56bfc062723c751e8b465ee728b)
Start importing Assets/FBX format/detail_rocks.fbx using Guid(8036fdacf41cc4e41a56cb028d7844ad) Importer(815301076,1909f56bfc062723c751e8b465ee728b)  -> (artifact id: 'fe6226f9fc448b0731a11a21da392814') in 0.026598 seconds 
========================================================================
Received Import Request.
  Time since last request: 0.000066 seconds.
  path: Assets/FBX format/snow_tile_slope.fbx
  artifactKey: Guid(3dbb98c4c37d7dd4a918c7d687aaaf61) Importer(815301076,1909f56bfc062723c751e8b465ee728b)
Start importing Assets/FBX format/snow_tile_slope.fbx using Guid(3dbb98c4c37d7dd4a918c7d687aaaf61) Importer(815301076,1909f56bfc062723c751e8b465ee728b)  -> (artifact id: '8da6263c3f1cca8da5ac2efefc80b561') in 0.030838 seconds 
========================================================================
Received Import Request.
  Time since last request: 0.000031 seconds.
  path: Assets/FBX format/snow_detail_crystal.fbx
  artifactKey: Guid(2602600b56b00564ba9ec3b6cb73d562) Importer(815301076,1909f56bfc062723c751e8b465ee728b)
Start importing Assets/FBX format/snow_detail_crystal.fbx using Guid(2602600b56b00564ba9ec3b6cb73d562) Importer(815301076,1909f56bfc062723c751e8b465ee728b)  -> (artifact id: '7113584e3980988b704687c164402bea') in 0.029324 seconds 
========================================================================
Received Import Request.
  Time since last request: 0.000035 seconds.
  path: Assets/FBX format/snow_detail_treeLarge.fbx
  artifactKey: Guid(232084de55ef6a946bda77c569888017) Importer(815301076,1909f56bfc062723c751e8b465ee728b)
Start importing Assets/FBX format/snow_detail_treeLarge.fbx using Guid(232084de55ef6a946bda77c569888017) Importer(815301076,1909f56bfc062723c751e8b465ee728b)  -> (artifact id: '1926d59236836c0dccb258602a400233') in 0.035431 seconds 
========================================================================
Received Import Request.
  Time since last request: 0.000019 seconds.
  path: Assets/FBX format/enemy_ufoRed.fbx
  artifactKey: Guid(141a425e9d3fab14398a5b7819fd56c9) Importer(815301076,1909f56bfc062723c751e8b465ee728b)
Start importing Assets/FBX format/enemy_ufoRed.fbx using Guid(141a425e9d3fab14398a5b7819fd56c9) Importer(815301076,1909f56bfc062723c751e8b465ee728b)  -> (artifact id: 'ccf99490f9016ecbd7a1bafa95280067') in 0.030844 seconds 
========================================================================
Received Import Request.
  Time since last request: 0.000020 seconds.
  path: Assets/FBX format/snow_tile_cornerRound.fbx
  artifactKey: Guid(2a73e107e993dcf44a7d793b1d4a01aa) Importer(815301076,1909f56bfc062723c751e8b465ee728b)
Start importing Assets/FBX format/snow_tile_cornerRound.fbx using Guid(2a73e107e993dcf44a7d793b1d4a01aa) Importer(815301076,1909f56bfc062723c751e8b465ee728b)  -> (artifact id: '86682fbe5f9b4cd529fccf0998d719a1') in 0.031839 seconds 
========================================================================
Received Import Request.
  Time since last request: 0.000025 seconds.
  path: Assets/FBX format/snow_tile_riverStraight.fbx
  artifactKey: Guid(f86287c7298a97e4c93c37c3d4af3740) Importer(815301076,1909f56bfc062723c751e8b465ee728b)
Start importing Assets/FBX format/snow_tile_riverStraight.fbx using Guid(f86287c7298a97e4c93c37c3d4af3740) Importer(815301076,1909f56bfc062723c751e8b465ee728b)  -> (artifact id: 'ec1adab92fcfbb38c1324af194b5fadf') in 0.029282 seconds 
========================================================================
Received Import Request.
  Time since last request: 0.000026 seconds.
  path: Assets/FBX format/enemy_ufoRedWeapon.fbx
  artifactKey: Guid(f5f410639d59c6a4398ab98c8f515d9d) Importer(815301076,1909f56bfc062723c751e8b465ee728b)
Start importing Assets/FBX format/enemy_ufoRedWeapon.fbx using Guid(f5f410639d59c6a4398ab98c8f515d9d) Importer(815301076,1909f56bfc062723c751e8b465ee728b)  -> (artifact id: 'c43442f36575a642d2ddd173eca63220') in 0.032167 seconds 
========================================================================
Received Import Request.
  Time since last request: 0.000028 seconds.
  path: Assets/FBX format/snow_tile_riverCorner.fbx
  artifactKey: Guid(4c144c1388d39ea43a5ce2bbca925457) Importer(815301076,1909f56bfc062723c751e8b465ee728b)
Start importing Assets/FBX format/snow_tile_riverCorner.fbx using Guid(4c144c1388d39ea43a5ce2bbca925457) Importer(815301076,1909f56bfc062723c751e8b465ee728b)  -> (artifact id: 'a70e152dc7894a7226a9221fca042272') in 0.026043 seconds 
========================================================================
Received Import Request.
  Time since last request: 1.041822 seconds.
  path: Assets/FBX format/snow_tile_split.fbx
  artifactKey: Guid(08dadb01cc239e247b1fe32ee9ad761a) Importer(815301076,1909f56bfc062723c751e8b465ee728b)
Start importing Assets/FBX format/snow_tile_split.fbx using Guid(08dadb01cc239e247b1fe32ee9ad761a) Importer(815301076,1909f56bfc062723c751e8b465ee728b)  -> (artifact id: 'b26152773a8dcc353d663966aac8d8ef') in 0.028258 seconds 
========================================================================
Received Import Request.
  Time since last request: 0.000027 seconds.
  path: Assets/FBX format/snow_tile_straightHill.fbx
  artifactKey: Guid(e4d301be229afa34992cb50f8a285d9e) Importer(815301076,1909f56bfc062723c751e8b465ee728b)
Start importing Assets/FBX format/snow_tile_straightHill.fbx using Guid(e4d301be229afa34992cb50f8a285d9e) Importer(815301076,1909f56bfc062723c751e8b465ee728b)  -> (artifact id: '6674fb05fb0167a09f4fa7b21c12c164') in 0.033806 seconds 
========================================================================
Received Import Request.
  Time since last request: 0.000016 seconds.
  path: Assets/FBX format/tile.fbx
  artifactKey: Guid(06b6ff17992875a43b54420153c24275) Importer(815301076,1909f56bfc062723c751e8b465ee728b)
Start importing Assets/FBX format/tile.fbx using Guid(06b6ff17992875a43b54420153c24275) Importer(815301076,1909f56bfc062723c751e8b465ee728b)  -> (artifact id: 'fc931c25af7ad1f6c9399e0f4e101fd6') in 0.023066 seconds 
========================================================================
Received Import Request.
  Time since last request: 0.000024 seconds.
  path: Assets/FBX format/tile_bump.fbx
  artifactKey: Guid(dfc17bd9492e1d44381842e22e799f7e) Importer(815301076,1909f56bfc062723c751e8b465ee728b)
Start importing Assets/FBX format/tile_bump.fbx using Guid(dfc17bd9492e1d44381842e22e799f7e) Importer(815301076,1909f56bfc062723c751e8b465ee728b)  -> (artifact id: '4b2b2185b4183645469c176b52342d04') in 0.028624 seconds 
========================================================================
Received Import Request.
  Time since last request: 0.000021 seconds.
  path: Assets/FBX format/tile_endRound.fbx
  artifactKey: Guid(03ed6013ed975cd4ab011338466003b8) Importer(815301076,1909f56bfc062723c751e8b465ee728b)
Start importing Assets/FBX format/tile_endRound.fbx using Guid(03ed6013ed975cd4ab011338466003b8) Importer(815301076,1909f56bfc062723c751e8b465ee728b)  -> (artifact id: 'ea02f52481f455b6be5c8abfc8ec69f7') in 0.027745 seconds 
========================================================================
Received Import Request.
  Time since last request: 0.000023 seconds.
  path: Assets/FBX format/tile_riverCorner.fbx
  artifactKey: Guid(11fb17c6a3823d4468fce65beb22991a) Importer(815301076,1909f56bfc062723c751e8b465ee728b)
Start importing Assets/FBX format/tile_riverCorner.fbx using Guid(11fb17c6a3823d4468fce65beb22991a) Importer(815301076,1909f56bfc062723c751e8b465ee728b)  -> (artifact id: 'f7bb422073ee8849d202eb12ecc0ec05') in 0.027125 seconds 
========================================================================
Received Import Request.
  Time since last request: 0.000018 seconds.
  path: Assets/FBX format/tile_hill.fbx
  artifactKey: Guid(dadef243e0e59b14188ca6a80d6c00b1) Importer(815301076,1909f56bfc062723c751e8b465ee728b)
Start importing Assets/FBX format/tile_hill.fbx using Guid(dadef243e0e59b14188ca6a80d6c00b1) Importer(815301076,1909f56bfc062723c751e8b465ee728b)  -> (artifact id: '39eb3e869e202eda2546c1040c0de92b') in 0.032173 seconds 
========================================================================
Received Import Request.
  Time since last request: 0.000036 seconds.
  path: Assets/FBX format/snow_tile_wideCorner.fbx
  artifactKey: Guid(7982f9c1761488d4f9e45200cefdb8ce) Importer(815301076,1909f56bfc062723c751e8b465ee728b)
Start importing Assets/FBX format/snow_tile_wideCorner.fbx using Guid(7982f9c1761488d4f9e45200cefdb8ce) Importer(815301076,1909f56bfc062723c751e8b465ee728b)  -> (artifact id: 'e2775fa315f12270791b6d3241b541d9') in 0.030134 seconds 
========================================================================
Received Import Request.
  Time since last request: 0.000019 seconds.
  path: Assets/FBX format/snow_tile_transition.fbx
  artifactKey: Guid(fd97884b419cc0e44b8ebceffa1bdd3e) Importer(815301076,1909f56bfc062723c751e8b465ee728b)
Start importing Assets/FBX format/snow_tile_transition.fbx using Guid(fd97884b419cc0e44b8ebceffa1bdd3e) Importer(815301076,1909f56bfc062723c751e8b465ee728b)  -> (artifact id: 'fccc11423a498ae8d65f26c178d9b201') in 0.028842 seconds 
========================================================================
Received Import Request.
  Time since last request: 0.000017 seconds.
  path: Assets/FBX format/snow_woodStructure.fbx
  artifactKey: Guid(18fb7c09be0fdf648acd124f2fb97241) Importer(815301076,1909f56bfc062723c751e8b465ee728b)
Start importing Assets/FBX format/snow_woodStructure.fbx using Guid(18fb7c09be0fdf648acd124f2fb97241) Importer(815301076,1909f56bfc062723c751e8b465ee728b)  -> (artifact id: '2d974e73d53dbc9f12869dbd650fd985') in 0.027778 seconds 
========================================================================
Received Import Request.
  Time since last request: 0.000019 seconds.
  path: Assets/FBX format/tile_dirt.fbx
  artifactKey: Guid(4355c8c21901db64881f834d65348a26) Importer(815301076,1909f56bfc062723c751e8b465ee728b)
Start importing Assets/FBX format/tile_dirt.fbx using Guid(4355c8c21901db64881f834d65348a26) Importer(815301076,1909f56bfc062723c751e8b465ee728b)  -> (artifact id: '0dd08fb3cd19cea1d5ee808d183c768e') in 0.017969 seconds 
========================================================================
Received Import Request.
  Time since last request: 0.000015 seconds.
  path: Assets/FBX format/tile_endSpawn.fbx
  artifactKey: Guid(3647fc30946eb974cbd80ac13a62e6e0) Importer(815301076,1909f56bfc062723c751e8b465ee728b)
Start importing Assets/FBX format/tile_endSpawn.fbx using Guid(3647fc30946eb974cbd80ac13a62e6e0) Importer(815301076,1909f56bfc062723c751e8b465ee728b)  -> (artifact id: '01d1d87eb82edb7aee667ea8c885fa4f') in 0.034790 seconds 
========================================================================
Received Import Request.
  Time since last request: 0.000017 seconds.
  path: Assets/FBX format/snow_tile_straightHillLarge.fbx
  artifactKey: Guid(29fb232af5ee4c548a4905decea64c0a) Importer(815301076,1909f56bfc062723c751e8b465ee728b)
Start importing Assets/FBX format/snow_tile_straightHillLarge.fbx using Guid(29fb232af5ee4c548a4905decea64c0a) Importer(815301076,1909f56bfc062723c751e8b465ee728b)  -> (artifact id: 'bf2b8113230ba6b912f5afc2addd4124') in 0.035792 seconds 
========================================================================
Received Import Request.
  Time since last request: 0.000020 seconds.
  path: Assets/FBX format/snow_tile_wideStraight.fbx
  artifactKey: Guid(d39b91fe472c52f4ab008839fdfb4140) Importer(815301076,1909f56bfc062723c751e8b465ee728b)
Start importing Assets/FBX format/snow_tile_wideStraight.fbx using Guid(d39b91fe472c52f4ab008839fdfb4140) Importer(815301076,1909f56bfc062723c751e8b465ee728b)  -> (artifact id: '3426fd53fb3b159539356558f4ac1d5a') in 0.031201 seconds 
========================================================================
Received Import Request.
  Time since last request: 0.000035 seconds.
  path: Assets/FBX format/snow_tile_treeQuad.fbx
  artifactKey: Guid(4bf36dcb2451866489be7d48f3adb85b) Importer(815301076,1909f56bfc062723c751e8b465ee728b)
Start importing Assets/FBX format/snow_tile_treeQuad.fbx using Guid(4bf36dcb2451866489be7d48f3adb85b) Importer(815301076,1909f56bfc062723c751e8b465ee728b)  -> (artifact id: 'c87468ff54222082b7319e00e6cad999') in 0.067758 seconds 
========================================================================
Received Import Request.
  Time since last request: 0.000032 seconds.
  path: Assets/FBX format/tile_end.fbx
  artifactKey: Guid(57b8bf9204b7c1e4aab1ed0eec7af84e) Importer(815301076,1909f56bfc062723c751e8b465ee728b)
Start importing Assets/FBX format/tile_end.fbx using Guid(57b8bf9204b7c1e4aab1ed0eec7af84e) Importer(815301076,1909f56bfc062723c751e8b465ee728b)  -> (artifact id: '56e039184b929ee0c3c8ddd58b3c468d') in 0.031976 seconds 
========================================================================
Received Import Request.
  Time since last request: 0.000016 seconds.
  path: Assets/FBX format/tile_endRoundSpawn.fbx
  artifactKey: Guid(392192f77f88f5f4e9abe278765ae8a6) Importer(815301076,1909f56bfc062723c751e8b465ee728b)
Start importing Assets/FBX format/tile_endRoundSpawn.fbx using Guid(392192f77f88f5f4e9abe278765ae8a6) Importer(815301076,1909f56bfc062723c751e8b465ee728b)  -> (artifact id: 'a48cddd33a8c2627f4475383175ba55c') in 0.038429 seconds 
========================================================================
Received Import Request.
  Time since last request: 0.000034 seconds.
  path: Assets/FBX format/tile_riverSlope.fbx
  artifactKey: Guid(7212cd9d06aa1d04e9d2ed2975277095) Importer(815301076,1909f56bfc062723c751e8b465ee728b)
Start importing Assets/FBX format/tile_riverSlope.fbx using Guid(7212cd9d06aa1d04e9d2ed2975277095) Importer(815301076,1909f56bfc062723c751e8b465ee728b)  -> (artifact id: '28783f8417563557c78386d25591ff64') in 0.035558 seconds 
========================================================================
Received Import Request.
  Time since last request: 0.609630 seconds.
  path: Assets/FBX format/tile_riverTransition.fbx
  artifactKey: Guid(c58fa100e0c999b4c875e04e50e814b1) Importer(815301076,1909f56bfc062723c751e8b465ee728b)
Start importing Assets/FBX format/tile_riverTransition.fbx using Guid(c58fa100e0c999b4c875e04e50e814b1) Importer(815301076,1909f56bfc062723c751e8b465ee728b)  -> (artifact id: 'd9872fbb8c7b031682d858131d9769fd') in 0.027308 seconds 
========================================================================
Received Import Request.
  Time since last request: 0.000023 seconds.
  path: Assets/FBX format/tile_straightHillLarge.fbx
  artifactKey: Guid(50c0219f75923574f8018b2967418014) Importer(815301076,1909f56bfc062723c751e8b465ee728b)
Start importing Assets/FBX format/tile_straightHillLarge.fbx using Guid(50c0219f75923574f8018b2967418014) Importer(815301076,1909f56bfc062723c751e8b465ee728b)  -> (artifact id: '127456e03edb0b443ab1094c116423f0') in 0.025921 seconds 
========================================================================
Received Import Request.
  Time since last request: 0.000020 seconds.
  path: Assets/FBX format/tile_treeQuad.fbx
  artifactKey: Guid(88a50ec4a10760741a25371d45798134) Importer(815301076,1909f56bfc062723c751e8b465ee728b)
Start importing Assets/FBX format/tile_treeQuad.fbx using Guid(88a50ec4a10760741a25371d45798134) Importer(815301076,1909f56bfc062723c751e8b465ee728b)  -> (artifact id: '8aadd950d5c55f3c974c4dc5581e77a4') in 0.057470 seconds 
========================================================================
Received Import Request.
  Time since last request: 0.000027 seconds.
  path: Assets/FBX format/towerRound_middleB.fbx
  artifactKey: Guid(0e02d9f0ca8b0864987bffc05498ed7e) Importer(815301076,1909f56bfc062723c751e8b465ee728b)
Start importing Assets/FBX format/towerRound_middleB.fbx using Guid(0e02d9f0ca8b0864987bffc05498ed7e) Importer(815301076,1909f56bfc062723c751e8b465ee728b)  -> (artifact id: '929e788ac651ded0987176adffc7d5ff') in 0.025335 seconds 
========================================================================
Received Import Request.
  Time since last request: 0.000036 seconds.
  path: Assets/FBX format/tile_split.fbx
  artifactKey: Guid(b8858243aada7cb489ddb61b2f2a01ce) Importer(815301076,1909f56bfc062723c751e8b465ee728b)
Start importing Assets/FBX format/tile_split.fbx using Guid(b8858243aada7cb489ddb61b2f2a01ce) Importer(815301076,1909f56bfc062723c751e8b465ee728b)  -> (artifact id: '2ac06e1036082380513f68ad79c57fde') in 0.029195 seconds 
========================================================================
Received Import Request.
  Time since last request: 0.000026 seconds.
  path: Assets/FBX format/tile_straight.fbx
  artifactKey: Guid(a0f6981f4c7facf429129abbb782b551) Importer(815301076,1909f56bfc062723c751e8b465ee728b)
Start importing Assets/FBX format/tile_straight.fbx using Guid(a0f6981f4c7facf429129abbb782b551) Importer(815301076,1909f56bfc062723c751e8b465ee728b)  -> (artifact id: '53791df0ac8291fa07c0fbf366cd483c') in 0.025261 seconds 
========================================================================
Received Import Request.
  Time since last request: 0.000022 seconds.
  path: Assets/FBX format/towerRound_bottomC.fbx
  artifactKey: Guid(bf02b957b89ea2b47896282c4c45efd8) Importer(815301076,1909f56bfc062723c751e8b465ee728b)
Start importing Assets/FBX format/towerRound_bottomC.fbx using Guid(bf02b957b89ea2b47896282c4c45efd8) Importer(815301076,1909f56bfc062723c751e8b465ee728b)  -> (artifact id: '4f4b8ceefe30641b6c4f7098a75dd368') in 0.025731 seconds 
========================================================================
Received Import Request.
  Time since last request: 0.002541 seconds.
  path: Assets/FBX format/tile_tree.fbx
  artifactKey: Guid(814ad396e9470fd4a88de9c4ccda034d) Importer(815301076,1909f56bfc062723c751e8b465ee728b)
Start importing Assets/FBX format/tile_tree.fbx using Guid(814ad396e9470fd4a88de9c4ccda034d) Importer(815301076,1909f56bfc062723c751e8b465ee728b)  -> (artifact id: 'abd3d456e7b4c010db10f571c773aee9') in 0.036714 seconds 
========================================================================
Received Import Request.
  Time since last request: 0.000027 seconds.
  path: Assets/FBX format/towerRound_bottomB.fbx
  artifactKey: Guid(ba60d046156fa964ba88f47f059916e5) Importer(815301076,1909f56bfc062723c751e8b465ee728b)
Start importing Assets/FBX format/towerRound_bottomB.fbx using Guid(ba60d046156fa964ba88f47f059916e5) Importer(815301076,1909f56bfc062723c751e8b465ee728b)  -> (artifact id: 'e758912318aedd79a336abde5ee35b8a') in 0.025907 seconds 
========================================================================
Received Import Request.
  Time since last request: 0.000039 seconds.
  path: Assets/FBX format/tile_wideTransition.fbx
  artifactKey: Guid(006f6a26f97f19544ab07e4b0b2a48f9) Importer(815301076,1909f56bfc062723c751e8b465ee728b)
Start importing Assets/FBX format/tile_wideTransition.fbx using Guid(006f6a26f97f19544ab07e4b0b2a48f9) Importer(815301076,1909f56bfc062723c751e8b465ee728b)  -> (artifact id: '7c8bb5cc381b15bcbead3706a462fe67') in 0.028218 seconds 
========================================================================
Received Import Request.
  Time since last request: 0.000018 seconds.
  path: Assets/FBX format/towerRound_base.fbx
  artifactKey: Guid(02161101830f23947b9101bb5eff9bed) Importer(815301076,1909f56bfc062723c751e8b465ee728b)
Start importing Assets/FBX format/towerRound_base.fbx using Guid(02161101830f23947b9101bb5eff9bed) Importer(815301076,1909f56bfc062723c751e8b465ee728b)  -> (artifact id: '81aa101d29015b4da488623b9c7facfc') in 0.032093 seconds 
========================================================================
Received Import Request.
  Time since last request: 0.000034 seconds.
  path: Assets/FBX format/tile_transition.fbx
  artifactKey: Guid(9a0278a6f4f203f448ec2008edf7c538) Importer(815301076,1909f56bfc062723c751e8b465ee728b)
Start importing Assets/FBX format/tile_transition.fbx using Guid(9a0278a6f4f203f448ec2008edf7c538) Importer(815301076,1909f56bfc062723c751e8b465ee728b)  -> (artifact id: '03b9b04cb6ae7816b086b997e3675361') in 0.030636 seconds 
========================================================================
Received Import Request.
  Time since last request: 59.853412 seconds.
  path: Assets/FBX format/towerRound_middleC.fbx
  artifactKey: Guid(94b0d8490bff02640a339b184fcbf097) Importer(815301076,1909f56bfc062723c751e8b465ee728b)
Start importing Assets/FBX format/towerRound_middleC.fbx using Guid(94b0d8490bff02640a339b184fcbf097) Importer(815301076,1909f56bfc062723c751e8b465ee728b)  -> (artifact id: '46e01049447a6e44d647e10a09d01336') in 0.033744 seconds 
========================================================================
Received Import Request.
  Time since last request: 0.000022 seconds.
  path: Assets/FBX format/towerRound_roofC.fbx
  artifactKey: Guid(326875ab9a3978c409199990c8a43804) Importer(815301076,1909f56bfc062723c751e8b465ee728b)
Start importing Assets/FBX format/towerRound_roofC.fbx using Guid(326875ab9a3978c409199990c8a43804) Importer(815301076,1909f56bfc062723c751e8b465ee728b)  -> (artifact id: '15ef8e49c95c4acdb68f078d077ebebc') in 0.057478 seconds 
========================================================================
Received Import Request.
  Time since last request: 0.000020 seconds.
  path: Assets/FBX format/towerRound_sampleC.fbx
  artifactKey: Guid(84a10d8f08874b541b0538ff746df925) Importer(815301076,1909f56bfc062723c751e8b465ee728b)
Start importing Assets/FBX format/towerRound_sampleC.fbx using Guid(84a10d8f08874b541b0538ff746df925) Importer(815301076,1909f56bfc062723c751e8b465ee728b)  -> (artifact id: '1d50f0595c95471f33cd883fc4575dbd') in 0.060653 seconds 
========================================================================
Received Import Request.
  Time since last request: 0.000030 seconds.
  path: Assets/FBX format/towerRound_topA.fbx
  artifactKey: Guid(2276645c262b5be4385745f1c93dc191) Importer(815301076,1909f56bfc062723c751e8b465ee728b)
Start importing Assets/FBX format/towerRound_topA.fbx using Guid(2276645c262b5be4385745f1c93dc191) Importer(815301076,1909f56bfc062723c751e8b465ee728b)  -> (artifact id: '121b3041e00b71b945d92d597edc8c7c') in 0.060890 seconds 
========================================================================
Received Import Request.
  Time since last request: 58.537800 seconds.
  path: Assets/FBX format/towerRound_topC.fbx
  artifactKey: Guid(18624cf3addebcb409200eba6a7a7669) Importer(815301076,1909f56bfc062723c751e8b465ee728b)
Start importing Assets/FBX format/towerRound_topC.fbx using Guid(18624cf3addebcb409200eba6a7a7669) Importer(815301076,1909f56bfc062723c751e8b465ee728b)  -> (artifact id: '9a988b241d9e137bf7340641b6ef55bb') in 0.035679 seconds 
========================================================================
Received Import Request.
  Time since last request: 0.000024 seconds.
  path: Assets/FBX format/towerSquare_roofB.fbx
  artifactKey: Guid(ed71a12dc2e6f2a43a2b1410dcdb3f45) Importer(815301076,1909f56bfc062723c751e8b465ee728b)
Start importing Assets/FBX format/towerSquare_roofB.fbx using Guid(ed71a12dc2e6f2a43a2b1410dcdb3f45) Importer(815301076,1909f56bfc062723c751e8b465ee728b)  -> (artifact id: '690dbbb0ac2db0b492b76d6d3b6468cc') in 0.037162 seconds 
========================================================================
Received Import Request.
  Time since last request: 0.000022 seconds.
  path: Assets/FBX format/towerSquare_sampleA.fbx
  artifactKey: Guid(714917c313ea7c44b94b970ee3757903) Importer(815301076,1909f56bfc062723c751e8b465ee728b)
Start importing Assets/FBX format/towerSquare_sampleA.fbx using Guid(714917c313ea7c44b94b970ee3757903) Importer(815301076,1909f56bfc062723c751e8b465ee728b)  -> (artifact id: '74158e2d3366abeff89a3efa185519a9') in 0.032362 seconds 
Editor requested this worker to shutdown with reason: Scaling down because of idle timeout
AssetImportWorker is now disconnected from the server
Process exiting
Exiting without the bug reporter. Application will terminate with return code 0